2025-01-28T11:48:55.963Z // printf.js [info]: Listening on port 3000
2025-01-28T11:49:18.111Z [info]: Listening on port 3000
2025-01-28T13:15:14.045Z [warn]: ==============>>> ["users"]
2025-01-28T13:15:14.650Z [info]: Listening on port 3000
2025-01-28T13:16:50.911Z [warn]: ==============>>> ["users"]
2025-01-28T13:16:50.913Z [info]: ==============>>> "users"
2025-01-28T13:16:50.941Z [info]: Listening on port 3000
2025-01-28T13:17:21.455Z [warn]: ==============>>> ["users"]
2025-01-28T13:17:21.456Z [info]: ==============>>> 'moduleName' "users"
2025-01-28T13:17:21.457Z [info]: ==============>>> 'modulePath' "/home/serg/Documents/projects/practice/backend/src/modules/users"
2025-01-28T13:17:21.481Z [info]: Listening on port 3000
2025-01-28T13:18:18.101Z [warn]: ==============>>> ["users"]
2025-01-28T13:18:18.102Z [info]: ==============>>> 'moduleName' "users"
2025-01-28T13:18:18.103Z [info]: ==============>>> 'modulePath' "/home/serg/Documents/projects/practice/backend/src/modules/users"
2025-01-28T13:18:18.103Z [info]: ==============>>> 'indexFilePath' "/home/serg/Documents/projects/practice/backend/src/modules/users/index.ts"
2025-01-28T13:18:18.130Z [info]: Listening on port 3000
2025-01-28T13:19:49.703Z [warn]: ==============>>> ["users"]
2025-01-28T13:19:49.706Z [info]: ==============>>> 'moduleName' "users"
2025-01-28T13:19:49.706Z [info]: ==============>>> 'modulePath' "/home/serg/Documents/projects/practice/backend/src/modules/users"
2025-01-28T13:19:49.707Z [info]: ==============>>> 'indexFilePath' "/home/serg/Documents/projects/practice/backend/src/modules/users/index.ts"
2025-01-28T13:19:49.707Z [info]: ==============>>> 'fs.existsSync(indexFilePath)' true
2025-01-28T13:19:49.726Z [info]: Listening on port 3000
2025-01-28T13:20:16.466Z [warn]: ==============>>> ["users"]
2025-01-28T13:20:16.468Z [info]: ==============>>> 'moduleName' "users"
2025-01-28T13:20:16.468Z [info]: ==============>>> 'modulePath' "/home/serg/Documents/projects/practice/backend/src/modules/users"
2025-01-28T13:20:16.469Z [info]: ==============>>> 'indexFilePath' "/home/serg/Documents/projects/practice/backend/src/modules/users/index.ts"
2025-01-28T13:20:16.470Z [info]: ==============>>> 'fs.existsSync(indexFilePath)' true
2025-01-28T13:20:16.486Z [info]: Listening on port 3000
2025-01-28T13:20:33.921Z [warn]: ==============>>> ["users"]
2025-01-28T13:20:33.922Z [info]: ==============>>> 'moduleName' "users"
2025-01-28T13:20:33.923Z [info]: ==============>>> 'modulePath' "/home/serg/Documents/projects/practice/backend/src/modules/users"
2025-01-28T13:20:33.923Z [info]: ==============>>> 'indexFilePath' "/home/serg/Documents/projects/practice/backend/src/modules/users/index.ts"
2025-01-28T13:20:33.924Z [info]: ==============>>> 'fs.existsSync(indexFilePath)' true
2025-01-28T13:20:33.935Z [info]: ==============>>> 'module' [object Object]
2025-01-28T13:20:33.953Z [info]: Listening on port 3000
2025-01-28T13:20:45.120Z [warn]: ==============>>> ["users"]
2025-01-28T13:20:45.122Z [info]: ==============>>> 'moduleName' "users"
2025-01-28T13:20:45.122Z [info]: ==============>>> 'modulePath' "/home/serg/Documents/projects/practice/backend/src/modules/users"
2025-01-28T13:20:45.122Z [info]: ==============>>> 'indexFilePath' "/home/serg/Documents/projects/practice/backend/src/modules/users/index.ts"
2025-01-28T13:20:45.122Z [info]: ==============>>> 'fs.existsSync(indexFilePath)' true
2025-01-28T13:20:45.130Z [info]: ==============>>> 'module' {"path":"/users"}
2025-01-28T13:20:45.146Z [info]: Listening on port 3000
2025-01-28T13:23:03.782Z [warn]: ==============>>> ["users"]
2025-01-28T13:23:03.783Z [info]: ==============>>> 'moduleName' "users"
2025-01-28T13:23:03.783Z [info]: ==============>>> 'modulePath' "/home/serg/Documents/projects/practice/backend/src/modules/users"
2025-01-28T13:23:03.784Z [info]: ==============>>> 'indexFilePath' "/home/serg/Documents/projects/practice/backend/src/modules/users/index.ts"
2025-01-28T13:23:03.784Z [info]: ==============>>> 'fs.existsSync(indexFilePath)' true
2025-01-28T13:23:03.791Z [info]: ==============>>> 'module' {"path":"/users"}
2025-01-28T13:23:03.807Z [info]: Listening on port 3000
2025-01-28T13:23:16.161Z [warn]: ==============>>> ["users"]
2025-01-28T13:23:16.163Z [info]: ==============>>> 'moduleName' "users"
2025-01-28T13:23:16.164Z [info]: ==============>>> 'modulePath' "/home/serg/Documents/projects/practice/backend/src/modules/users"
2025-01-28T13:23:16.164Z [info]: ==============>>> 'indexFilePath' "/home/serg/Documents/projects/practice/backend/src/modules/users/index.ts"
2025-01-28T13:23:16.165Z [info]: ==============>>> 'fs.existsSync(indexFilePath)' true
2025-01-28T13:23:16.172Z [info]: ==============>>> 'module' {"path":"/users"}
2025-01-28T13:23:16.202Z [info]: Listening on port 3000
2025-01-28T13:23:52.898Z [warn]: ==============>>> ["users"]
2025-01-28T13:23:52.900Z [info]: ==============>>> 'moduleName' "users"
2025-01-28T13:23:52.900Z [info]: ==============>>> 'modulePath' "/home/serg/Documents/projects/practice/backend/src/modules/users"
2025-01-28T13:23:52.901Z [info]: ==============>>> 'indexFilePath' "/home/serg/Documents/projects/practice/backend/src/modules/users/index.ts"
2025-01-28T13:23:52.901Z [info]: ==============>>> 'fs.existsSync(indexFilePath)' true
2025-01-28T13:23:52.908Z [info]: ==============>>> 'module' {"path":"/users"}
2025-01-28T13:23:52.917Z [info]: Listening on port 3000
2025-01-28T13:33:24.877Z [warn]: ==============>>> ["users"]
2025-01-28T13:33:24.878Z [info]: ==============>>> 'moduleName' "users"
2025-01-28T13:33:24.879Z [info]: ==============>>> 'modulePath' "/home/serg/Documents/projects/practice/backend/src/modules/users"
2025-01-28T13:33:24.880Z [info]: ==============>>> 'indexFilePath' "/home/serg/Documents/projects/practice/backend/src/modules/users/index.ts"
2025-01-28T13:33:24.880Z [info]: ==============>>> 'fs.existsSync(indexFilePath)' true
2025-01-28T13:33:24.889Z [info]: ==============>>> 'module' {"path":"/users"}
2025-01-28T13:33:24.890Z [info]: ==============>>> 'module' {"path":"/users"}
2025-01-28T13:33:24.907Z [info]: Listening on port 3000
2025-01-28T13:33:27.949Z [warn]: ==============>>> ["users"]
2025-01-28T13:33:27.950Z [info]: ==============>>> 'moduleName' "users"
2025-01-28T13:33:27.950Z [info]: ==============>>> 'modulePath' "/home/serg/Documents/projects/practice/backend/src/modules/users"
2025-01-28T13:33:27.951Z [info]: ==============>>> 'indexFilePath' "/home/serg/Documents/projects/practice/backend/src/modules/users/index.ts"
2025-01-28T13:33:27.951Z [info]: ==============>>> 'fs.existsSync(indexFilePath)' true
2025-01-28T13:33:27.955Z [info]: ==============>>> 'module' {"path":"/users"}
2025-01-28T13:33:27.955Z [info]: ==============>>> 'module-2' {"path":"/users"}
2025-01-28T13:33:27.971Z [info]: Listening on port 3000
2025-01-28T13:33:29.999Z [warn]: ==============>>> ["users"]
2025-01-28T13:33:30.004Z [info]: ==============>>> 'moduleName' "users"
2025-01-28T13:33:30.005Z [info]: ==============>>> 'modulePath' "/home/serg/Documents/projects/practice/backend/src/modules/users"
2025-01-28T13:33:30.005Z [info]: ==============>>> 'indexFilePath' "/home/serg/Documents/projects/practice/backend/src/modules/users/index.ts"
2025-01-28T13:33:30.006Z [info]: ==============>>> 'fs.existsSync(indexFilePath)' true
2025-01-28T13:33:30.014Z [info]: ==============>>> 'module' {"path":"/users"}
2025-01-28T13:33:30.015Z [info]: ==============>>> 'module-2' {"path":"/users"}
2025-01-28T13:33:30.034Z [info]: Listening on port 3000
2025-01-28T13:36:44.306Z [warn]: ==============>>> ["users"]
2025-01-28T13:36:44.307Z [info]: ==============>>> 'moduleName' "users"
2025-01-28T13:36:44.308Z [info]: ==============>>> 'modulePath' "/home/serg/Documents/projects/practice/backend/src/modules/users"
2025-01-28T13:36:44.308Z [info]: ==============>>> 'indexFilePath' "/home/serg/Documents/projects/practice/backend/src/modules/users/index.ts"
2025-01-28T13:36:44.309Z [info]: ==============>>> 'fs.existsSync(indexFilePath)' true
2025-01-28T13:36:44.316Z [info]: ==============>>> 'module' {"path":"/users"}
2025-01-28T13:36:44.330Z [info]: Listening on port 3000
2025-01-28T13:37:43.859Z [warn]: ==============>>> ["users"]
2025-01-28T13:37:43.862Z [info]: ==============>>> 'moduleName' "users"
2025-01-28T13:37:43.863Z [info]: ==============>>> 'modulePath' "/home/serg/Documents/projects/practice/backend/src/modules/users"
2025-01-28T13:37:43.863Z [info]: ==============>>> 'indexFilePath' "/home/serg/Documents/projects/practice/backend/src/modules/users/index.ts"
2025-01-28T13:37:43.864Z [info]: ==============>>> 'fs.existsSync(indexFilePath)' true
2025-01-28T13:37:43.873Z [info]: ==============>>> 'module' {"path":"/users"}
2025-01-28T13:37:43.889Z [info]: Listening on port 3000
2025-01-28T13:37:43.890Z [info]: ==============>>> 'module' {"default":{"path":"/users"}}
2025-01-28T13:39:16.062Z [warn]: ==============>>> ["users"]
2025-01-28T13:39:16.063Z [info]: ==============>>> 'moduleName' "users"
2025-01-28T13:39:16.064Z [info]: ==============>>> 'modulePath' "/home/serg/Documents/projects/practice/backend/src/modules/users"
2025-01-28T13:39:16.064Z [info]: ==============>>> 'indexFilePath' "/home/serg/Documents/projects/practice/backend/src/modules/users/index.ts"
2025-01-28T13:39:16.065Z [info]: ==============>>> 'fs.existsSync(indexFilePath)' true
2025-01-28T13:39:16.535Z [info]: ==============>>> 'module' {"path":"/users"}
2025-01-28T13:39:16.550Z [info]: Listening on port 3000
2025-01-28T13:39:16.550Z [info]: ==============>>> 'module' {"default":{"path":"/users"}}
2025-01-28T13:42:43.786Z [warn]: ==============>>> ["users"]
2025-01-28T13:42:43.787Z [info]: ==============>>> 'moduleName' "users"
2025-01-28T13:42:43.788Z [info]: ==============>>> 'modulePath' "/home/serg/Documents/projects/practice/backend/src/modules/users"
2025-01-28T13:42:43.788Z [info]: ==============>>> 'indexFilePath' "/home/serg/Documents/projects/practice/backend/src/modules/users/index.ts"
2025-01-28T13:42:43.788Z [info]: ==============>>> 'fs.existsSync(indexFilePath)' true
2025-01-28T13:42:43.793Z [info]: ==============>>> 'module' {"path":"/users"}
2025-01-28T13:42:43.801Z [info]: Listening on port 3000
2025-01-28T13:42:43.801Z [info]: ==============>>> 'module' {"default":{"path":"/users"}}
2025-01-28T13:46:14.410Z [warn]: ==============>>> ["users"]
2025-01-28T13:46:14.412Z [info]: ==============>>> 'moduleName' "users"
2025-01-28T13:46:14.412Z [info]: ==============>>> 'modulePath' "/home/serg/Documents/projects/practice/backend/src/modules/users"
2025-01-28T13:46:14.413Z [info]: ==============>>> 'indexFilePath' "/home/serg/Documents/projects/practice/backend/src/modules/users/index.ts"
2025-01-28T13:46:14.413Z [info]: ==============>>> 'fs.existsSync(indexFilePath)' true
2025-01-28T13:46:14.423Z [info]: ==============>>> 'module' {"path":"/users"}
2025-01-28T13:46:14.434Z [info]: Listening on port 3000
2025-01-28T13:46:14.435Z [info]: ==============>>> 'module' {"default":{"path":"/users"}}
2025-01-28T13:47:00.326Z [warn]: ==============>>> ["users"]
2025-01-28T13:47:00.327Z [info]: ==============>>> 'moduleName' "users"
2025-01-28T13:47:00.328Z [info]: ==============>>> 'modulePath' "/home/serg/Documents/projects/practice/backend/src/modules/users"
2025-01-28T13:47:00.329Z [info]: ==============>>> 'indexFilePath' "/home/serg/Documents/projects/practice/backend/src/modules/users/index.ts"
2025-01-28T13:47:00.330Z [info]: ==============>>> 'fs.existsSync(indexFilePath)' true
2025-01-28T13:47:00.333Z [info]: ==============>>> 'module' {"path":"/users"}
2025-01-28T13:47:00.349Z [info]: Listening on port 3000
2025-01-28T13:47:00.350Z [info]: ==============>>> 'module' {"default":{"path":"/users"}}
2025-01-28T13:47:09.699Z [warn]: ==============>>> ["users"]
2025-01-28T13:47:09.701Z [info]: ==============>>> 'moduleName' "users"
2025-01-28T13:47:09.702Z [info]: ==============>>> 'modulePath' "/home/serg/Documents/projects/practice/backend/src/modules/users"
2025-01-28T13:47:09.702Z [info]: ==============>>> 'indexFilePath' "/home/serg/Documents/projects/practice/backend/src/modules/users/index.ts"
2025-01-28T13:47:09.703Z [info]: ==============>>> 'fs.existsSync(indexFilePath)' true
2025-01-28T13:47:09.711Z [info]: ==============>>> 'module' {"path":"/users"}
2025-01-28T13:47:09.735Z [info]: Listening on port 3000
2025-01-28T13:47:09.737Z [info]: ==============>>> 'module' {"default":{"path":"/users"}}
2025-01-28T13:47:30.130Z [warn]: ==============>>> ["users"]
2025-01-28T13:47:30.132Z [info]: ==============>>> 'moduleName' "users"
2025-01-28T13:47:30.132Z [info]: ==============>>> 'modulePath' "/home/serg/Documents/projects/practice/backend/src/modules/users"
2025-01-28T13:47:30.133Z [info]: ==============>>> 'indexFilePath' "/home/serg/Documents/projects/practice/backend/src/modules/users/index.ts"
2025-01-28T13:47:30.134Z [info]: ==============>>> 'fs.existsSync(indexFilePath)' true
2025-01-28T13:47:30.139Z [info]: ==============>>> 'module' {"path":"/users"}
2025-01-28T13:47:30.158Z [info]: Listening on port 3000
2025-01-28T13:47:30.160Z [info]: ==============>>> 'module' {"default":{"path":"/users"}}
2025-01-28T13:49:44.500Z [warn]: ==============>>> ["users"]
2025-01-28T13:49:44.502Z [info]: ==============>>> 'moduleName' "users"
2025-01-28T13:49:44.502Z [info]: ==============>>> 'modulePath' "/home/serg/Documents/projects/practice/backend/src/modules/users"
2025-01-28T13:49:44.503Z [info]: ==============>>> 'indexFilePath' "/home/serg/Documents/projects/practice/backend/src/modules/users/index.ts"
2025-01-28T13:49:44.503Z [info]: ==============>>> 'fs.existsSync(indexFilePath)' true
2025-01-28T13:49:44.506Z [info]: ==============>>> 'module' {"path":"/users","routes":{}}
2025-01-28T13:49:44.516Z [info]: Listening on port 3000
2025-01-28T13:49:44.518Z [info]: ==============>>> 'module' {"default":{"path":"/users","routes":{}}}
2025-01-28T13:54:48.104Z [warn]: ==============>>> ["users"]
2025-01-28T13:54:48.106Z [info]: ==============>>> 'moduleName' "users"
2025-01-28T13:54:48.107Z [info]: ==============>>> 'modulePath' "/home/serg/Documents/projects/practice/backend/src/modules/users"
2025-01-28T13:54:48.107Z [info]: ==============>>> 'indexFilePath' "/home/serg/Documents/projects/practice/backend/src/modules/users/index.ts"
2025-01-28T13:54:48.107Z [info]: ==============>>> 'fs.existsSync(indexFilePath)' false
2025-01-28T13:54:48.116Z [info]: Listening on port 3000
2025-01-28T13:55:40.923Z [warn]: ==============>>> ["users"]
2025-01-28T13:55:40.924Z [info]: ==============>>> 'moduleName' "users"
2025-01-28T13:55:40.925Z [info]: ==============>>> 'modulePath' "/home/serg/Documents/projects/practice/backend/src/modules/users"
2025-01-28T13:55:40.925Z [info]: ==============>>> 'indexFilePath' "/home/serg/Documents/projects/practice/backend/src/modules/users/index.ts"
2025-01-28T13:55:40.925Z [info]: ==============>>> 'fs.existsSync(indexFilePath)' false
2025-01-28T13:55:40.937Z [info]: Listening on port 3000
2025-01-28T13:56:26.636Z [warn]: ==============>>> ["users"]
2025-01-28T13:56:26.638Z [info]: ==============>>> 'moduleName' "users"
2025-01-28T13:56:26.639Z [info]: ==============>>> 'modulePath' "/home/serg/Documents/projects/practice/backend/src/modules/users"
2025-01-28T13:56:26.639Z [info]: ==============>>> 'indexFilePath' "/home/serg/Documents/projects/practice/backend/src/modules/users/index.ts"
2025-01-28T13:56:26.640Z [info]: ==============>>> 'fs.existsSync(indexFilePath)' true
2025-01-28T13:56:27.238Z [info]: ==============>>> 'module' {"path":"/users","routes":{}}
2025-01-28T13:56:27.251Z [info]: Listening on port 3000
2025-01-28T13:56:27.252Z [info]: ==============>>> 'module' {"default":{"path":"/users","routes":{}}}
2025-01-28T13:56:56.493Z [warn]: ==============>>> ["users"]
2025-01-28T13:56:56.495Z [info]: ==============>>> 'moduleName' "users"
2025-01-28T13:56:56.496Z [info]: ==============>>> 'modulePath' "/home/serg/Documents/projects/practice/backend/src/modules/users"
2025-01-28T13:56:56.496Z [info]: ==============>>> 'indexFilePath' "/home/serg/Documents/projects/practice/backend/src/modules/users/index.ts"
2025-01-28T13:56:56.497Z [info]: ==============>>> 'fs.existsSync(indexFilePath)' true
2025-01-28T13:56:56.502Z [info]: ==============>>> 'module' {"path":"/users","routes":{}}
2025-01-28T13:56:56.516Z [info]: Listening on port 3000
2025-01-28T13:56:56.517Z [info]: ==============>>> 'module' {"default":{"path":"/users","routes":{}}}
2025-01-28T13:57:25.517Z [warn]: ==============>>> ["users"]
2025-01-28T13:57:25.519Z [info]: ==============>>> 'moduleName' "users"
2025-01-28T13:57:25.519Z [info]: ==============>>> 'modulePath' "/home/serg/Documents/projects/practice/backend/src/modules/users"
2025-01-28T13:57:25.520Z [info]: ==============>>> 'indexFilePath' "/home/serg/Documents/projects/practice/backend/src/modules/users/index.ts"
2025-01-28T13:57:25.521Z [info]: ==============>>> 'fs.existsSync(indexFilePath)' true
2025-01-28T13:57:25.538Z [info]: ==============>>> 'module' {"path":"/users","routes":{}}
2025-01-28T13:57:25.554Z [info]: Listening on port 3000
2025-01-28T13:57:25.555Z [info]: ==============>>> 'module' {"default":{"path":"/users","routes":{}}}
2025-01-28T13:57:39.961Z [warn]: ==============>>> ["users"]
2025-01-28T13:57:39.963Z [info]: ==============>>> 'moduleName' "users"
2025-01-28T13:57:39.964Z [info]: ==============>>> 'modulePath' "/home/serg/Documents/projects/practice/backend/src/modules/users"
2025-01-28T13:57:39.964Z [info]: ==============>>> 'indexFilePath' "/home/serg/Documents/projects/practice/backend/src/modules/users/index.ts"
2025-01-28T13:57:39.965Z [info]: ==============>>> 'fs.existsSync(indexFilePath)' true
2025-01-28T13:57:40.086Z [info]: ==============>>> 'module' {"path":"/users","routes":{}}
2025-01-28T13:57:40.097Z [info]: Listening on port 3000
2025-01-28T13:57:40.097Z [info]: ==============>>> 'module' {"default":{"path":"/users","routes":{}}}
2025-01-28T13:58:06.288Z [warn]: ==============>>> ["users"]
2025-01-28T13:58:06.289Z [info]: ==============>>> 'moduleName' "users"
2025-01-28T13:58:06.289Z [info]: ==============>>> 'modulePath' "/home/serg/Documents/projects/practice/backend/src/modules/users"
2025-01-28T13:58:06.290Z [info]: ==============>>> 'indexFilePath' "/home/serg/Documents/projects/practice/backend/src/modules/users/index.ts"
2025-01-28T13:58:06.290Z [info]: ==============>>> 'fs.existsSync(indexFilePath)' true
2025-01-28T13:58:06.297Z [info]: ==============>>> 'module' {"path":"/users","routes":{}}
2025-01-28T13:58:06.310Z [info]: Listening on port 3000
2025-01-28T13:58:06.312Z [info]: ==============>>> 'module' {"default":{"path":"/users","routes":{}}}
2025-01-28T13:58:41.500Z [warn]: ==============>>> ["users"]
2025-01-28T13:58:41.501Z [info]: ==============>>> 'moduleName' "users"
2025-01-28T13:58:41.502Z [info]: ==============>>> 'modulePath' "/home/serg/Documents/projects/practice/backend/src/modules/users"
2025-01-28T13:58:41.502Z [info]: ==============>>> 'indexFilePath' "/home/serg/Documents/projects/practice/backend/src/modules/users/index.ts"
2025-01-28T13:58:41.503Z [info]: ==============>>> 'fs.existsSync(indexFilePath)' true
2025-01-28T13:58:41.508Z [info]: ==============>>> 'module' {"path":"/users"}
2025-01-28T13:58:41.522Z [info]: Listening on port 3000
2025-01-28T13:58:41.522Z [info]: ==============>>> 'module' {"default":{"path":"/users"}}
2025-01-28T13:58:54.920Z [warn]: ==============>>> ["users"]
2025-01-28T13:58:54.921Z [info]: ==============>>> 'moduleName' "users"
2025-01-28T13:58:54.921Z [info]: ==============>>> 'modulePath' "/home/serg/Documents/projects/practice/backend/src/modules/users"
2025-01-28T13:58:54.922Z [info]: ==============>>> 'indexFilePath' "/home/serg/Documents/projects/practice/backend/src/modules/users/index.ts"
2025-01-28T13:58:54.922Z [info]: ==============>>> 'fs.existsSync(indexFilePath)' true
2025-01-28T13:58:55.340Z [info]: ==============>>> 'module' {"path":"/users"}
2025-01-28T13:58:55.352Z [info]: Listening on port 3000
2025-01-28T13:58:55.354Z [info]: ==============>>> 'module' {"default":{"path":"/users"}}
2025-01-28T13:59:15.805Z [warn]: ==============>>> ["users"]
2025-01-28T13:59:15.806Z [info]: ==============>>> 'moduleName' "users"
2025-01-28T13:59:15.806Z [info]: ==============>>> 'modulePath' "/home/serg/Documents/projects/practice/backend/src/modules/users"
2025-01-28T13:59:15.807Z [info]: ==============>>> 'indexFilePath' "/home/serg/Documents/projects/practice/backend/src/modules/users/index.ts"
2025-01-28T13:59:15.807Z [info]: ==============>>> 'fs.existsSync(indexFilePath)' true
2025-01-28T13:59:15.815Z [info]: ==============>>> 'module' {"path":"/users"}
2025-01-28T13:59:15.831Z [info]: Listening on port 3000
2025-01-28T13:59:15.832Z [info]: ==============>>> 'module' {"default":{"path":"/users"}}
2025-01-28T13:59:29.559Z [warn]: ==============>>> ["users"]
2025-01-28T13:59:29.560Z [info]: ==============>>> 'moduleName' "users"
2025-01-28T13:59:29.560Z [info]: ==============>>> 'modulePath' "/home/serg/Documents/projects/practice/backend/src/modules/users"
2025-01-28T13:59:29.560Z [info]: ==============>>> 'indexFilePath' "/home/serg/Documents/projects/practice/backend/src/modules/users/index.ts"
2025-01-28T13:59:29.561Z [info]: ==============>>> 'fs.existsSync(indexFilePath)' true
2025-01-28T13:59:30.002Z [info]: ==============>>> 'module' {"path":"/users"}
2025-01-28T13:59:30.012Z [info]: Listening on port 3000
2025-01-28T13:59:30.012Z [info]: ==============>>> 'module' {"default":{"path":"/users"}}
2025-01-28T16:10:06.015Z [info]: Routers: 
2025-01-28T16:10:06.017Z [info]: 
2025-01-28T16:10:06.036Z [info]: Listening on port 3000
2025-01-28T16:28:47.725Z [info]: Routers: 
2025-01-28T16:28:47.727Z [info]: 
2025-01-28T16:28:47.787Z [info]: Listening on port 3000
2025-01-28T16:30:36.449Z [info]: Routers: 
2025-01-28T16:30:36.451Z [info]: 
2025-01-28T16:30:36.554Z [info]: Listening on port 3000
2025-01-28T16:30:49.554Z [info]: Routers: 
2025-01-28T16:30:49.556Z [info]: 
2025-01-28T16:30:49.644Z [info]: Listening on port 3000
2025-01-28T16:31:21.359Z [info]: Routers: 
2025-01-28T16:31:21.362Z [info]: 
2025-01-28T16:31:21.438Z [info]: Listening on port 3000
2025-01-28T16:32:14.362Z [info]: Routers: 
2025-01-28T16:32:14.365Z [info]: 
2025-01-28T16:32:14.445Z [info]: Listening on port 3000
2025-01-28T16:33:28.449Z [info]: Routers: 
2025-01-28T16:34:38.983Z [info]: Routers: 
2025-01-28T16:34:38.985Z [info]: 
2025-01-28T16:34:39.077Z [info]: Listening on port 3000
2025-01-28T16:40:58.809Z [info]: Routers: 
2025-01-28T16:40:58.811Z [info]: []
2025-01-28T16:40:58.920Z [info]: Listening on port 3000
2025-01-28T16:42:38.719Z [info]: Routers: 
2025-01-28T16:42:38.721Z [info]: []
2025-01-28T16:42:38.776Z [info]: Listening on port 3000
2025-01-28T16:50:15.016Z [info]: Routers: 
2025-01-28T16:50:15.019Z [info]: []
2025-01-28T16:50:15.140Z [info]: Listening on port 3000
2025-01-28T16:50:50.764Z [info]: Routers: 
2025-01-28T16:50:50.766Z [info]: []
2025-01-28T16:50:50.933Z [info]: Listening on port 3000
2025-01-28T16:52:18.627Z [info]: Routers: 
2025-01-28T16:52:18.629Z [info]: []
2025-01-28T16:52:18.683Z [info]: Listening on port 3000
2025-01-28T16:52:22.299Z [info]: Routers: 
2025-01-28T16:52:22.301Z [info]: ["/home/serg/Documents/projects/practice/backend/src/app/routes/user.routes.ts"]
2025-01-28T16:52:22.591Z [info]: Listening on port 3000
2025-01-28T17:05:37.154Z [info]: Routers: 
2025-01-28T17:05:37.156Z [info]: ["/home/serg/Documents/projects/practice/backend/src/modules/users/user.routes.ts"]
2025-01-28T17:05:37.607Z [info]: Listening on port 3000
2025-01-28T17:05:54.466Z [info]: Routers: 
2025-01-28T17:05:54.468Z [info]: ["/home/serg/Documents/projects/practice/backend/src/modules/users/user.routes.ts"]
2025-01-28T17:05:54.566Z [info]: Listening on port 3000
2025-01-28T17:16:48.694Z [info]: Routers: 
2025-01-28T17:16:48.697Z [info]: ["/home/serg/Documents/projects/practice/backend/src/modules/users/user.routes.ts"]
2025-01-28T17:16:48.769Z [info]: Listening on port 3000
2025-01-28T17:17:04.286Z [info]: Routers: 
2025-01-28T17:17:04.287Z [info]: ["/home/serg/Documents/projects/practice/backend/src/modules/users/user.routes.ts"]
2025-01-28T17:17:04.335Z [info]: Listening on port 3000
2025-01-28T17:17:25.763Z [info]: Routers: 
2025-01-28T17:17:25.767Z [info]: ["/home/serg/Documents/projects/practice/backend/src/modules/users/user.routes.ts"]
2025-01-28T17:17:25.844Z [info]: Listening on port 3000
2025-01-28T17:20:26.444Z [info]: Routers: 
2025-01-28T17:20:26.446Z [info]: ["/home/serg/Documents/projects/practice/backend/src/modules/users/user.routes.ts"]
2025-01-28T17:20:26.502Z [info]: Listening on port 3000
2025-01-28T17:38:01.346Z [info]: Routers: 
2025-01-28T17:38:01.349Z [info]: ["/home/serg/Documents/projects/practice/backend/src/modules/users/user.routes.ts"]
2025-01-28T17:38:01.437Z [info]: Listening on port 3000
2025-01-28T17:38:46.990Z [info]: Routers: 
2025-01-28T17:38:46.991Z [info]: ["/home/serg/Documents/projects/practice/backend/src/modules/users/user.routes.ts"]
2025-01-28T17:38:47.055Z [info]: Listening on port 3000
2025-01-28T17:40:24.771Z [info]: Routers: 
2025-01-28T17:40:24.774Z [info]: ["/home/serg/Documents/projects/practice/backend/src/modules/users/user.routes.ts"]
2025-01-28T17:40:24.855Z [info]: Listening on port 3000
2025-01-28T17:44:23.626Z [info]: Routers: 
2025-01-28T17:44:23.628Z [info]: ["/home/serg/Documents/projects/practice/backend/src/modules/users/user.routes.ts"]
2025-01-28T17:44:23.687Z [info]: Listening on port 3000
2025-01-28T17:48:10.674Z [info]: Routers: 
2025-01-28T17:48:10.676Z [info]: ["/home/serg/Documents/projects/practice/backend/src/modules/users/user.routes.ts"]
2025-01-28T17:48:11.034Z [info]: Listening on port 3000
2025-01-28T17:48:40.039Z [info]: Routers: 
2025-01-28T17:48:40.040Z [info]: ["/home/serg/Documents/projects/practice/backend/src/modules/users/user.routes.ts"]
2025-01-28T17:48:40.492Z [info]: Listening on port 3000
2025-01-28T17:56:15.224Z [info]: Routers: 
2025-01-28T17:56:15.226Z [info]: ["/home/serg/Documents/projects/practice/backend/src/modules/users/user.routes.ts"]
2025-01-28T17:56:15.279Z [info]: Listening on port 3000
2025-01-28T17:57:04.501Z [info]: Routers: 
2025-01-28T17:57:04.503Z [info]: ["/home/serg/Documents/projects/practice/backend/src/modules/users/user.routes.ts"]
2025-01-28T17:57:05.146Z [info]: Listening on port 3000
2025-01-29T14:47:20.091Z [info]: Routers: 
2025-01-29T14:47:20.094Z [info]: ["/home/serg/Documents/projects/practice/backend/src/modules/users/user.routes.ts"]
2025-01-29T14:47:21.106Z [info]: Listening on port 3000
2025-01-29T14:53:38.858Z [info]: Routers: 
2025-01-29T14:53:38.861Z [info]: ["/home/serg/Documents/projects/practice/backend/src/modules/users/user.routes.ts"]
2025-01-29T14:53:38.951Z [info]: Listening on port 3000
2025-01-29T15:05:49.177Z [info]: Routers: 
2025-01-29T15:05:49.179Z [info]: ["/home/serg/Documents/projects/practice/backend/src/modules/users/user.routes.ts"]
2025-01-29T15:05:49.798Z [info]: Listening on port 3000
2025-01-29T16:44:21.949Z [info]: Routers: 
2025-01-29T16:44:21.950Z [info]: ["/home/serg/Documents/projects/practice/backend/src/modules/users/user.routes.ts"]
2025-01-29T16:44:22.063Z [info]: Listening on port 3000
2025-01-29T17:29:48.810Z [info]: Routers: 
2025-01-29T17:29:48.812Z [info]: ["/home/serg/Documents/projects/practice/backend/src/modules/users/user.routes.ts"]
2025-01-29T17:29:49.329Z [info]: Listening on port 3000
2025-01-29T17:32:08.475Z [info]: Listening on port 3000
2025-01-29T17:32:21.325Z [info]: Listening on port 3000
2025-01-29T19:24:07.120Z [info]: Listening on port 3000
2025-01-31T11:54:00.996Z [info]: Listening on port 3000
2025-01-31T11:57:45.980Z [info]: Listening on port 3000
2025-01-31T11:59:13.470Z [info]: Listening on port 3000
2025-01-31T12:04:10.246Z [info]: Listening on port 3000
2025-01-31T12:04:55.309Z [info]: Listening on port 3000
2025-01-31T12:07:41.133Z [info]: Listening on port 3000
2025-01-31T12:09:04.616Z [info]: Listening on port 3000
2025-01-31T12:10:41.009Z [info]: Listening on port 3000
2025-01-31T12:11:18.181Z [info]: Listening on port 3000
2025-01-31T12:11:49.393Z [info]: Listening on port 3000
2025-01-31T12:13:22.817Z [info]: Listening on port 3000
2025-01-31T16:42:58.229Z [info]: Routers: 
2025-01-31T16:42:58.231Z [info]: ["/home/serg/Documents/projects/practice/backend/src/modules/users/user.routes.ts"]
2025-01-31T16:42:58.263Z [info]: Listening on port 3000
2025-01-31T17:07:25.591Z [info]: Routers: 
2025-01-31T17:07:25.593Z [info]: ["/home/serg/Documents/projects/practice/backend/src/modules/users/user.routes.ts"]
2025-01-31T17:07:25.623Z [info]: Listening on port 3000
2025-01-31T17:11:34.167Z [info]: Routers: 
2025-01-31T17:11:34.169Z [info]: ["/home/serg/Documents/projects/practice/backend/src/modules/users/user.routes.ts"]
2025-01-31T17:11:34.192Z [info]: Listening on port 3000
2025-01-31T17:29:37.531Z [info]: Routers: 
2025-01-31T17:29:37.535Z [info]: ["/home/serg/Documents/projects/practice/backend/src/modules/users/user.routes.ts"]
2025-01-31T17:29:37.564Z [info]: Listening on port 3000
2025-01-31T17:39:29.150Z [info]: Routers: 
2025-01-31T17:39:29.151Z [info]: ["/home/serg/Documents/projects/practice/backend/src/modules/users/user.routes.ts"]
2025-01-31T17:39:29.172Z [info]: Listening on port 3000
2025-01-31T17:39:47.514Z [info]: Routers: 
2025-01-31T17:39:47.516Z [info]: ["/home/serg/Documents/projects/practice/backend/src/modules/users/user.routes.ts"]
2025-01-31T17:39:47.540Z [info]: Listening on port 3000
2025-01-31T17:43:18.600Z [info]: Routers: 
2025-01-31T17:43:18.601Z [info]: ["/home/serg/Documents/projects/practice/backend/src/modules/users/user.routes.ts"]
2025-01-31T17:43:18.620Z [info]: Listening on port 3000
2025-01-31T17:46:12.539Z [info]: Routers: 
2025-01-31T17:46:12.540Z [info]: ["/home/serg/Documents/projects/practice/backend/src/modules/users/user.routes.ts"]
2025-01-31T17:46:12.560Z [info]: Listening on port 3000
2025-02-01T17:23:04.338Z [info]: Routers: 
2025-02-01T17:23:04.339Z [info]: ["/home/serg/Documents/projects/practice/backend/src/modules/users/user.routes.ts"]
2025-02-01T17:23:04.707Z [info]: Listening on port 3000
2025-02-01T17:24:17.214Z [info]: Routers: 
2025-02-01T17:24:17.216Z [info]: ["/home/serg/Documents/projects/practice/backend/src/modules/users/user.routes.ts"]
2025-02-01T17:24:18.191Z [info]: Listening on port 3000
2025-02-01T17:25:12.778Z [info]: Routers: 
2025-02-01T17:25:12.779Z [info]: ["/home/serg/Documents/projects/practice/backend/src/modules/users/user.routes.ts"]
2025-02-01T17:25:12.827Z [error]: Swagger.json file in not found
2025-02-01T17:25:12.833Z [info]: Listening on port 3000
2025-02-01T17:25:28.308Z [info]: Routers: 
2025-02-01T17:25:28.310Z [info]: ["/home/serg/Documents/projects/practice/backend/src/modules/users/user.routes.ts"]
2025-02-01T17:25:28.326Z [error]: Swagger.json file in not found
2025-02-01T17:25:28.333Z [info]: Listening on port 3000
2025-02-01T17:25:38.053Z [info]: Routers: 
2025-02-01T17:25:38.054Z [info]: ["/home/serg/Documents/projects/practice/backend/src/modules/users/user.routes.ts"]
2025-02-01T17:25:38.548Z [error]: Swagger.json file in not found
2025-02-01T17:25:38.553Z [info]: Listening on port 3000
2025-02-01T17:27:16.863Z [info]: Routers: 
2025-02-01T17:27:16.864Z [info]: ["/home/serg/Documents/projects/practice/backend/src/modules/users/user.routes.ts"]
2025-02-01T17:27:17.275Z [error]: Swagger.json file in not found
2025-02-01T17:27:17.280Z [info]: Listening on port 3000
2025-02-01T17:28:33.010Z [info]: Routers: 
2025-02-01T17:28:33.012Z [info]: ["/home/serg/Documents/projects/practice/backend/src/modules/users/user.routes.ts"]
2025-02-01T17:28:33.028Z [error]: Swagger.json file in not found
2025-02-01T17:28:33.033Z [info]: Listening on port 3000
2025-02-01T17:31:44.485Z [info]: Routers: 
2025-02-01T17:31:44.487Z [info]: ["/home/serg/Documents/projects/practice/backend/src/modules/users/user.routes.ts"]
2025-02-01T17:31:44.503Z [error]: Swagger.json file in not found
2025-02-01T17:31:44.508Z [info]: Listening on port 3000
2025-02-01T17:31:57.754Z [info]: Routers: 
2025-02-01T17:31:57.755Z [info]: ["/home/serg/Documents/projects/practice/backend/src/modules/users/user.routes.ts"]
2025-02-01T17:31:57.768Z [error]: swagger.json file in not found
2025-02-01T17:31:57.776Z [info]: Listening on port 3000
2025-02-01T17:32:42.484Z [info]: Routers: 
2025-02-01T17:32:42.485Z [info]: ["/home/serg/Documents/projects/practice/backend/src/modules/users/user.routes.ts"]
2025-02-01T17:32:42.501Z [error]: swagger.json file in not found
2025-02-01T17:32:42.509Z [info]: Listening on port 3000
2025-02-01T17:42:12.759Z [info]: Routers: 
2025-02-01T17:42:12.761Z [info]: ["/home/serg/Documents/projects/practice/backend/src/modules/users/user.routes.ts"]
2025-02-01T17:42:12.779Z [info]: Listening on port 3000
2025-02-01T17:43:25.477Z [info]: Routers: 
2025-02-01T17:43:25.478Z [info]: ["/home/serg/Documents/projects/practice/backend/src/modules/users/user.routes.ts"]
2025-02-01T17:43:25.914Z [error]: swagger.json file in not found
2025-02-01T17:43:25.920Z [info]: Listening on port 3000
2025-02-01T17:46:49.921Z [info]: Routers: 
2025-02-01T17:46:49.922Z [info]: ["/home/serg/Documents/projects/practice/backend/src/modules/users/user.routes.ts"]
2025-02-01T17:46:50.360Z [error]: Swagger UI is disabled (not in development environment).
2025-02-01T17:46:50.366Z [info]: Listening on port 3000
2025-02-01T17:48:01.148Z [info]: Routers: 
2025-02-01T17:48:01.149Z [info]: ["/home/serg/Documents/projects/practice/backend/src/modules/users/user.routes.ts"]
2025-02-01T17:48:01.592Z [error]: Swagger UI is disabled (not in development environment).
2025-02-01T17:48:01.597Z [info]: Listening on port 3000
2025-02-01T17:50:22.702Z [info]: Routers: 
2025-02-01T17:50:22.703Z [info]: ["/home/serg/Documents/projects/practice/backend/src/modules/users/user.routes.ts"]
2025-02-01T17:50:23.169Z [error]: Swagger UI is disabled (not in development environment).
2025-02-01T17:50:23.174Z [info]: Listening on port 3000
2025-02-01T17:54:01.631Z [info]: Routers: 
2025-02-01T17:54:01.632Z [info]: ["/home/serg/Documents/projects/practice/backend/src/modules/users/user.routes.ts"]
2025-02-01T17:54:02.145Z [error]: Swagger UI is disabled (not in development environment).
2025-02-01T17:54:02.149Z [info]: Listening on port 3000
2025-02-01T17:54:27.116Z [info]: Routers: 
2025-02-01T17:54:27.117Z [info]: ["/home/serg/Documents/projects/practice/backend/src/modules/users/user.routes.ts"]
2025-02-01T17:54:27.565Z [info]: Listening on port 3000
2025-02-01T17:59:49.241Z [info]: Routers: 
2025-02-01T17:59:49.242Z [info]: ["/home/serg/Documents/projects/practice/backend/src/modules/users/user.routes.ts"]
2025-02-01T17:59:49.758Z [info]: Listening on port 3000
2025-02-01T18:03:18.579Z [info]: Routers: 
2025-02-01T18:03:18.580Z [info]: ["/home/serg/Documents/projects/practice/backend/src/modules/users/user.routes.ts"]
2025-02-01T18:03:18.995Z [info]: Listening on port 3000
2025-02-01T18:10:01.860Z [info]: Routers: 
2025-02-01T18:10:01.862Z [info]: ["/home/serg/Documents/projects/practice/backend/src/modules/users/user.routes.ts"]
2025-02-01T18:10:01.878Z [info]: Listening on port 3000
2025-02-01T18:11:19.543Z [info]: Routers: 
2025-02-01T18:11:19.544Z [info]: ["/home/serg/Documents/projects/practice/backend/src/modules/users/user.routes.ts"]
2025-02-01T18:11:19.983Z [info]: Listening on port 3000
2025-02-01T18:11:54.882Z [info]: Routers: 
2025-02-01T18:11:54.884Z [info]: ["/home/serg/Documents/projects/practice/backend/src/modules/users/user.routes.ts"]
2025-02-01T18:11:54.906Z [info]: Listening on port 3000
2025-02-01T18:12:30.573Z [info]: Routers: 
2025-02-01T18:12:30.574Z [info]: ["/home/serg/Documents/projects/practice/backend/src/modules/users/user.routes.ts"]
2025-02-01T18:12:31.013Z [info]: Listening on port 3000
2025-02-01T18:15:33.047Z [info]: Routers: 
2025-02-01T18:15:33.048Z [info]: ["/home/serg/Documents/projects/practice/backend/src/modules/users/user.routes.ts"]
2025-02-01T18:15:33.483Z [info]: Listening on port 4000
2025-02-01T18:16:39.645Z [info]: Routers: 
2025-02-01T18:16:39.646Z [info]: ["/home/serg/Documents/projects/practice/backend/src/modules/users/user.routes.ts"]
2025-02-01T18:16:39.663Z [info]: Listening on port 4000
