2025-02-02T16:56:50.564Z [info]: Routers: 
2025-02-02T16:56:50.568Z [info]: ["/home/serg/Documents/projects/practice/backend/src/modules/users/user.routes.ts"]
2025-02-02T16:56:51.246Z [info]: Listening on port 4000
2025-02-02T16:58:28.483Z [info]: Routers: 
2025-02-02T16:58:28.484Z [info]: ["/home/serg/Documents/projects/practice/backend/src/modules/users/user.routes.ts"]
2025-02-02T16:58:28.504Z [info]: Listening on port 4000
2025-02-02T17:01:07.491Z [info]: Routers: 
2025-02-02T17:01:07.492Z [info]: ["/home/serg/Documents/projects/practice/backend/src/modules/users/user.routes.ts"]
2025-02-02T17:01:07.513Z [info]: Listening on port 4000
2025-02-02T17:02:10.270Z [info]: Routers: 
2025-02-02T17:02:10.272Z [info]: ["/home/serg/Documents/projects/practice/backend/src/modules/users/user.routes.ts"]
2025-02-02T17:02:10.912Z [info]: Listening on port 4000
2025-02-02T17:03:45.721Z [info]: Routers: 
2025-02-02T17:03:45.723Z [info]: ["/home/serg/Documents/projects/practice/backend/src/modules/users/user.routes.ts"]
2025-02-02T17:03:45.744Z [info]: Listening on port 4000
2025-02-02T17:04:02.319Z [info]: Routers: 
2025-02-02T17:04:02.321Z [info]: ["/home/serg/Documents/projects/practice/backend/src/modules/users/user.routes.ts"]
2025-02-02T17:04:03.192Z [info]: Listening on port 4000
2025-02-02T17:06:22.003Z [info]: Routers: 
2025-02-02T17:06:22.004Z [info]: ["/home/serg/Documents/projects/practice/backend/src/modules/users/user.routes.ts"]
2025-02-02T17:06:22.032Z [info]: Listening on port 4000
2025-02-02T17:07:21.822Z [info]: Routers: 
2025-02-02T17:07:21.825Z [info]: ["/home/serg/Documents/projects/practice/backend/src/modules/users/user.routes.ts"]
2025-02-02T17:07:21.845Z [info]: Listening on port 4000
2025-02-02T17:08:50.060Z [info]: Routers: 
2025-02-02T17:08:50.062Z [info]: ["/home/serg/Documents/projects/practice/backend/src/modules/users/user.routes.ts"]
2025-02-02T17:08:50.087Z [info]: Listening on port 4000
2025-02-02T17:09:30.192Z [info]: Routers: 
2025-02-02T17:09:30.194Z [info]: ["/home/serg/Documents/projects/practice/backend/src/modules/users/user.routes.ts"]
2025-02-02T17:09:30.224Z [info]: Listening on port 4000
2025-02-02T17:28:58.337Z [info]: Routers: 
2025-02-02T17:28:58.339Z [info]: ["/home/serg/Documents/projects/practice/backend/src/modules/users/user.routes.ts"]
2025-02-02T17:28:58.361Z [info]: Listening on port 4000
2025-02-02T17:30:22.222Z [info]: Routers: 
2025-02-02T17:30:22.224Z [info]: ["/home/serg/Documents/projects/practice/backend/src/modules/users/user.routes.ts"]
2025-02-02T17:30:22.746Z [info]: Listening on port 4000
2025-02-02T17:34:19.914Z [info]: Routers: 
2025-02-02T17:34:19.919Z [info]: ["/home/serg/Documents/projects/practice/backend/src/modules/users/user.routes.ts"]
2025-02-02T17:34:19.945Z [info]: Listening on port 4000
2025-02-02T17:34:34.759Z [info]: Routers: 
2025-02-02T17:34:34.761Z [info]: ["/home/serg/Documents/projects/practice/backend/src/modules/users/user.routes.ts"]
2025-02-02T17:34:34.781Z [info]: Listening on port 4000
2025-02-02T17:35:00.149Z [info]: Routers: 
2025-02-02T17:35:00.151Z [info]: ["/home/serg/Documents/projects/practice/backend/src/modules/users/user.routes.ts"]
2025-02-02T17:35:00.834Z [info]: Listening on port 4000
2025-02-02T17:35:48.878Z [info]: Routers: 
2025-02-02T17:35:48.880Z [info]: ["/home/serg/Documents/projects/practice/backend/src/modules/users/user.routes.ts"]
2025-02-02T17:35:48.903Z [info]: Listening on port 4000
2025-02-02T17:36:53.944Z [info]: Routers: 
2025-02-02T17:36:53.946Z [info]: ["/home/serg/Documents/projects/practice/backend/src/modules/users/user.routes.ts"]
2025-02-02T17:36:54.350Z [info]: Listening on port 4000
2025-02-02T17:38:52.171Z [info]: Routers: 
2025-02-02T17:38:52.172Z [info]: ["/home/serg/Documents/projects/practice/backend/src/modules/users/user.routes.ts"]
2025-02-02T17:38:52.192Z [info]: Listening on port 4000
2025-02-02T17:45:38.449Z [info]: Routers: 
2025-02-02T17:45:38.450Z [info]: ["/home/serg/Documents/projects/practice/backend/src/modules/users/user.routes.ts"]
2025-02-02T17:45:38.468Z [info]: Listening on port 4000
2025-02-02T17:46:36.098Z [info]: Routers: 
2025-02-02T17:46:36.100Z [info]: ["/home/serg/Documents/projects/practice/backend/src/modules/users/user.routes.ts"]
2025-02-02T17:46:36.114Z [info]: Swagger was connected
2025-02-02T17:46:36.121Z [info]: Listening on port 4000
2025-02-02T17:46:52.110Z [info]: Routers: 
2025-02-02T17:46:52.112Z [info]: ["/home/serg/Documents/projects/practice/backend/src/modules/users/user.routes.ts"]
2025-02-02T17:46:52.623Z [info]: Swagger was connected
2025-02-02T17:46:52.628Z [info]: Listening on port 4000
2025-02-03T17:21:19.760Z [info]: Routers: 
2025-02-03T17:21:19.762Z [info]: ["/home/serg/Documents/projects/practice/backend/src/modules/users/user.routes.ts"]
2025-02-03T17:21:20.432Z [info]: Swagger was connected
2025-02-03T17:21:20.439Z [info]: Listening on port 4000
2025-02-07T17:56:08.254Z [info]: Routers: 
2025-02-07T17:56:08.256Z [info]: ["/home/serg/Documents/projects/practice/backend/src/modules/users/user.routes.ts"]
2025-02-07T17:56:08.331Z [info]: Swagger was connected
2025-02-07T17:56:08.340Z [info]: Listening on port 4000
2025-02-07T17:57:12.449Z [info]: Routers: 
2025-02-07T17:57:12.451Z [info]: ["/home/serg/Documents/projects/practice/backend/src/modules/users/user.routes.ts"]
2025-02-07T17:57:12.530Z [info]: Swagger was connected
2025-02-07T17:57:12.536Z [info]: Listening on port 4000
2025-02-07T17:57:20.322Z [info]: Routers: 
2025-02-07T17:57:20.324Z [info]: ["/home/serg/Documents/projects/practice/backend/src/modules/users/user.routes.ts"]
2025-02-07T17:57:20.381Z [info]: Swagger was connected
2025-02-07T17:57:20.387Z [info]: Listening on port 4000
2025-02-07T17:58:53.132Z [info]: Routers: 
2025-02-07T17:58:53.133Z [info]: ["/home/serg/Documents/projects/practice/backend/src/modules/users/user.routes.ts"]
2025-02-07T17:58:53.170Z [info]: Swagger was connected
2025-02-07T17:58:53.173Z [info]: Listening on port 4000
2025-02-07T18:10:06.171Z [info]: Routers: 
2025-02-07T18:10:06.173Z [info]: ["/home/serg/Documents/projects/practice/backend/src/modules/users/user.routes.ts"]
2025-02-07T18:10:06.222Z [info]: Swagger was connected
2025-02-07T18:10:06.226Z [info]: Listening on port 4000
2025-02-10T16:08:41.634Z [info]: Routers: 
2025-02-10T16:10:29.029Z [info]: Routers: 
2025-02-10T16:10:29.031Z [info]: ["/home/serg/Documents/projects/practice/backend/src/modules/users/user.routes.ts"]
2025-02-10T16:10:42.558Z [info]: Routers: 
2025-02-10T16:10:42.560Z [info]: ["/home/serg/Documents/projects/practice/backend/src/modules/users/user.routes.ts"]
2025-02-10T16:11:42.701Z [info]: Routers: 
2025-02-10T16:11:42.703Z [info]: ["/home/serg/Documents/projects/practice/backend/src/modules/users/user.routes.ts"]
2025-02-10T16:11:59.549Z [info]: Routers: 
2025-02-10T16:11:59.551Z [info]: ["/home/serg/Documents/projects/practice/backend/src/modules/users/user.routes.ts"]
2025-02-10T18:46:30.973Z [info]: Listening on port 4000
2025-02-10T18:54:17.279Z [info]: Routers: 
2025-02-10T19:08:51.646Z [info]: Routers: 
2025-02-10T19:08:51.647Z [info]: ["/home/serg/Documents/projects/practice/backend/src/modules/users/user.routes.ts"]
2025-02-10T19:08:51.660Z [info]: Swagger was connected
2025-02-10T19:08:51.664Z [info]: Listening on port 4000
2025-02-10T19:19:16.450Z [info]: Routers: 
2025-02-10T19:19:16.451Z [info]: ["/home/serg/Documents/projects/practice/backend/src/modules/users/user.routes.ts"]
2025-02-10T19:19:16.459Z [info]: Swagger was connected
2025-02-10T19:19:16.462Z [info]: Listening on port 4000
2025-02-10T19:19:22.687Z [info]: Routers: 
2025-02-10T19:19:22.688Z [info]: ["/home/serg/Documents/projects/practice/backend/src/modules/users/user.routes.ts"]
2025-02-10T19:19:22.695Z [info]: Swagger was connected
2025-02-10T19:19:22.698Z [info]: Listening on port 4000
2025-02-14T11:55:43.661Z [info]: Routers: 
2025-02-14T11:55:43.661Z [info]: ["/home/sergiu/Documents/projects/practice/src/modules/users/user.routes.ts"]
2025-02-14T11:55:43.672Z [info]: Swagger was connected
2025-02-14T11:55:43.673Z [info]: Listening on port 4000
2025-02-14T12:56:05.261Z [info]: Listening on port 4000
2025-02-14T12:56:11.098Z [info]: Listening on port 4000
2025-02-14T13:01:27.124Z [info]: Listening on port 4000
2025-02-14T13:18:25.829Z [info]: Listening on port 4000
2025-02-14T13:20:54.579Z [info]: Listening on port 4000
2025-02-14T13:32:55.043Z [info]: Listening on port 4000
2025-02-14T13:33:09.213Z [info]: Listening on port 4000
2025-02-14T13:33:16.110Z [info]: Listening on port 4000
2025-02-14T13:33:44.015Z [info]: Listening on port 4000
2025-02-14T13:33:51.633Z [info]: Listening on port 4000
2025-02-14T13:33:58.544Z [info]: Listening on port 4000
2025-02-14T13:34:15.506Z [info]: Listening on port 4000
2025-02-14T13:34:28.910Z [info]: Listening on port 4000
2025-02-14T13:36:26.920Z [info]: Listening on port 4000
2025-02-14T13:36:42.752Z [info]: Listening on port 4000
2025-02-14T13:37:47.433Z [info]: Routers: 
2025-02-14T13:37:47.433Z [info]: ["/home/sergiu/Documents/projects/practice/src/modules/users/user.routes.ts"]
2025-02-14T13:37:47.436Z [info]: Listening on port 4000
2025-02-14T13:43:31.369Z [info]: Routers: 
2025-02-14T13:43:31.369Z [info]: ["/home/sergiu/Documents/projects/practice/src/modules/users/user.routes.ts"]
2025-02-14T13:43:31.372Z [info]: Listening on port 4000
2025-02-14T13:52:32.396Z [info]: Routers: 
2025-02-14T13:52:32.396Z [info]: ["/home/sergiu/Documents/projects/practice/dist/modules/users/user.routes.js"]
2025-02-14T13:52:32.399Z [info]: Listening on port 4000
2025-02-14T13:52:55.230Z [info]: Routers: 
2025-02-14T13:52:55.231Z [info]: ["/home/sergiu/Documents/projects/practice/src/modules/users/user.routes.ts"]
2025-02-14T13:52:55.234Z [info]: Listening on port 4000
2025-02-14T14:00:30.676Z [info]: Routers: 
2025-02-14T14:00:30.677Z [info]: []
2025-02-14T14:00:30.680Z [info]: Listening on port 4000
2025-02-14T14:01:01.330Z [info]: Routers: 
2025-02-14T14:01:01.330Z [info]: ["/home/sergiu/Documents/projects/practice/src/modules/users/user.routes.ts"]
2025-02-14T14:01:01.333Z [info]: Listening on port 4000
2025-02-14T14:01:34.965Z [info]: Routers: 
2025-02-14T14:01:34.966Z [info]: ["/home/sergiu/Documents/projects/practice/src/modules/users/user.routes.ts"]
2025-02-14T14:01:34.968Z [info]: Listening on port 4000
2025-02-14T14:02:21.229Z [info]: Routers: 
2025-02-14T14:02:21.230Z [info]: ["/home/sergiu/Documents/projects/practice/dist/modules/users/user.routes.js"]
2025-02-14T14:02:21.233Z [info]: Listening on port 4000
2025-02-14T14:04:01.792Z [info]: Routers: 
2025-02-14T14:04:01.792Z [info]: ["/home/sergiu/Documents/projects/practice/src/modules/users/user.routes.ts"]
2025-02-14T14:04:01.795Z [info]: Listening on port 4000
2025-02-14T14:04:12.052Z [info]: Routers: 
2025-02-14T14:04:12.052Z [info]: ["/home/sergiu/Documents/projects/practice/src/modules/users/user.routes.ts"]
2025-02-14T14:04:12.056Z [info]: Listening on port 4000
